{
    "contracts/libraries/SafeMathExt.sol": {
        "l": {
            "9": 91,
            "13": 66,
            "17": 9,
            "18": 9,
            "19": 9,
            "20": 9
        },
        "path": "/home/work/workspace/mcb-crowdsale/contracts/libraries/SafeMathExt.sol",
        "s": {
            "1": 91,
            "2": 66,
            "3": 9,
            "4": 9,
            "5": 9,
            "6": 9
        },
        "b": {
            "1": [
                9,
                0
            ]
        },
        "f": {
            "1": 91,
            "2": 66,
            "3": 9
        },
        "fnMap": {
            "1": {
                "name": "wmul",
                "line": 8,
                "loc": {
                    "start": {
                        "line": 8,
                        "column": 4
                    },
                    "end": {
                        "line": 10,
                        "column": 4
                    }
                }
            },
            "2": {
                "name": "wdivFloor",
                "line": 12,
                "loc": {
                    "start": {
                        "line": 12,
                        "column": 4
                    },
                    "end": {
                        "line": 14,
                        "column": 4
                    }
                }
            },
            "3": {
                "name": "wdivCeil",
                "line": 16,
                "loc": {
                    "start": {
                        "line": 16,
                        "column": 4
                    },
                    "end": {
                        "line": 22,
                        "column": 4
                    }
                }
            }
        },
        "statementMap": {
            "1": {
                "start": {
                    "line": 9,
                    "column": 8
                },
                "end": {
                    "line": 9,
                    "column": 26
                }
            },
            "2": {
                "start": {
                    "line": 13,
                    "column": 8
                },
                "end": {
                    "line": 13,
                    "column": 29
                }
            },
            "3": {
                "start": {
                    "line": 17,
                    "column": 8
                },
                "end": {
                    "line": 17,
                    "column": 31
                }
            },
            "4": {
                "start": {
                    "line": 18,
                    "column": 8
                },
                "end": {
                    "line": 18,
                    "column": 19
                }
            },
            "5": {
                "start": {
                    "line": 19,
                    "column": 8
                },
                "end": {
                    "line": 19,
                    "column": 516
                }
            },
            "6": {
                "start": {
                    "line": 20,
                    "column": 12
                },
                "end": {
                    "line": 20,
                    "column": 23
                }
            }
        },
        "branchMap": {
            "1": {
                "line": 19,
                "type": "if",
                "locations": [
                    {
                        "start": {
                            "line": 19,
                            "column": 8
                        },
                        "end": {
                            "line": 19,
                            "column": 8
                        }
                    },
                    {
                        "start": {
                            "line": 19,
                            "column": 8
                        },
                        "end": {
                            "line": 19,
                            "column": 8
                        }
                    }
                ]
            }
        }
    },
    "contracts/MCBCrowdsale.sol": {
        "l": {
            "49": 30,
            "50": 30,
            "52": 30,
            "53": 30,
            "54": 30,
            "61": 7,
            "62": 4,
            "63": 4,
            "67": 28,
            "68": 28,
            "72": 21,
            "73": 21,
            "77": 22,
            "81": 6,
            "85": 10,
            "89": 41,
            "93": 17,
            "102": 24,
            "103": 23,
            "104": 21,
            "106": 20,
            "107": 20,
            "109": 20,
            "110": 20,
            "112": 20,
            "113": 20,
            "115": 20,
            "124": 11,
            "125": 11,
            "126": 10,
            "128": 9,
            "129": 9,
            "130": 9,
            "131": 9,
            "132": 9,
            "134": 9,
            "135": 5,
            "136": 5,
            "138": 9,
            "139": 9,
            "141": 9,
            "148": 7,
            "149": 6,
            "150": 5,
            "152": 4,
            "153": 4,
            "154": 4,
            "156": 4,
            "165": 8,
            "166": 7,
            "168": 7,
            "169": 7,
            "171": 7,
            "172": 7,
            "173": 7,
            "174": 7,
            "176": 7,
            "183": 2,
            "185": 1,
            "186": 1,
            "187": 1,
            "188": 1,
            "190": 1,
            "194": 0,
            "198": 0,
            "202": 0,
            "206": 0
        },
        "path": "/home/work/workspace/mcb-crowdsale/contracts/MCBCrowdsale.sol",
        "s": {
            "1": 30,
            "2": 30,
            "3": 30,
            "4": 30,
            "5": 30,
            "6": 7,
            "7": 4,
            "8": 4,
            "9": 28,
            "10": 28,
            "11": 21,
            "12": 21,
            "13": 22,
            "14": 6,
            "15": 10,
            "16": 41,
            "17": 17,
            "18": 24,
            "19": 23,
            "20": 21,
            "21": 20,
            "22": 20,
            "23": 20,
            "24": 20,
            "25": 20,
            "26": 20,
            "27": 20,
            "28": 11,
            "29": 11,
            "30": 10,
            "31": 9,
            "32": 9,
            "33": 9,
            "34": 9,
            "35": 9,
            "36": 9,
            "37": 5,
            "38": 5,
            "39": 9,
            "40": 9,
            "41": 9,
            "42": 7,
            "43": 6,
            "44": 5,
            "45": 4,
            "46": 4,
            "47": 4,
            "48": 4,
            "49": 8,
            "50": 7,
            "51": 7,
            "52": 7,
            "53": 7,
            "54": 7,
            "55": 7,
            "56": 7,
            "57": 7,
            "58": 2,
            "59": 1,
            "60": 1,
            "61": 1,
            "62": 1,
            "63": 1,
            "64": 0,
            "65": 0,
            "66": 0,
            "67": 0
        },
        "b": {
            "1": [
                30,
                0
            ],
            "2": [
                30,
                0
            ],
            "3": [
                4,
                3
            ],
            "4": [
                23,
                1
            ],
            "5": [
                21,
                2
            ],
            "6": [
                20,
                1
            ],
            "7": [
                11,
                0
            ],
            "8": [
                10,
                1
            ],
            "9": [
                9,
                1
            ],
            "10": [
                5,
                4
            ],
            "11": [
                6,
                1
            ],
            "12": [
                5,
                1
            ],
            "13": [
                4,
                1
            ],
            "14": [
                7,
                1
            ],
            "15": [
                7,
                0
            ],
            "16": [
                1,
                1
            ]
        },
        "f": {
            "1": 30,
            "2": 7,
            "3": 28,
            "4": 21,
            "5": 22,
            "6": 6,
            "7": 10,
            "8": 41,
            "9": 17,
            "10": 24,
            "11": 11,
            "12": 7,
            "13": 8,
            "14": 2,
            "15": 0,
            "16": 0,
            "17": 0,
            "18": 0
        },
        "fnMap": {
            "1": {
                "name": "constructor",
                "line": 48,
                "loc": {
                    "start": {
                        "line": 44,
                        "column": 4
                    },
                    "end": {
                        "line": 55,
                        "column": 4
                    }
                }
            },
            "2": {
                "name": "setEmergency",
                "line": 60,
                "loc": {
                    "start": {
                        "line": 60,
                        "column": 4
                    },
                    "end": {
                        "line": 64,
                        "column": 4
                    }
                }
            },
            "3": {
                "name": "isPurchaseable",
                "line": 66,
                "loc": {
                    "start": {
                        "line": 66,
                        "column": 4
                    },
                    "end": {
                        "line": 69,
                        "column": 4
                    }
                }
            },
            "4": {
                "name": "isSettleable",
                "line": 71,
                "loc": {
                    "start": {
                        "line": 71,
                        "column": 4
                    },
                    "end": {
                        "line": 74,
                        "column": 4
                    }
                }
            },
            "5": {
                "name": "isAccountSettled",
                "line": 76,
                "loc": {
                    "start": {
                        "line": 76,
                        "column": 4
                    },
                    "end": {
                        "line": 78,
                        "column": 4
                    }
                }
            },
            "6": {
                "name": "totalSubscription",
                "line": 80,
                "loc": {
                    "start": {
                        "line": 80,
                        "column": 4
                    },
                    "end": {
                        "line": 82,
                        "column": 4
                    }
                }
            },
            "7": {
                "name": "totalSoldSupply",
                "line": 84,
                "loc": {
                    "start": {
                        "line": 84,
                        "column": 4
                    },
                    "end": {
                        "line": 86,
                        "column": 4
                    }
                }
            },
            "8": {
                "name": "subscriptionRate",
                "line": 88,
                "loc": {
                    "start": {
                        "line": 88,
                        "column": 4
                    },
                    "end": {
                        "line": 90,
                        "column": 4
                    }
                }
            },
            "9": {
                "name": "shareOf",
                "line": 92,
                "loc": {
                    "start": {
                        "line": 92,
                        "column": 4
                    },
                    "end": {
                        "line": 94,
                        "column": 4
                    }
                }
            },
            "10": {
                "name": "purchase",
                "line": 101,
                "loc": {
                    "start": {
                        "line": 101,
                        "column": 4
                    },
                    "end": {
                        "line": 116,
                        "column": 4
                    }
                }
            },
            "11": {
                "name": "settle",
                "line": 123,
                "loc": {
                    "start": {
                        "line": 123,
                        "column": 4
                    },
                    "end": {
                        "line": 142,
                        "column": 4
                    }
                }
            },
            "12": {
                "name": "forwardFunds",
                "line": 147,
                "loc": {
                    "start": {
                        "line": 147,
                        "column": 4
                    },
                    "end": {
                        "line": 157,
                        "column": 4
                    }
                }
            },
            "13": {
                "name": "emergencySettle",
                "line": 164,
                "loc": {
                    "start": {
                        "line": 164,
                        "column": 4
                    },
                    "end": {
                        "line": 177,
                        "column": 4
                    }
                }
            },
            "14": {
                "name": "emergencyForwardFunds",
                "line": 182,
                "loc": {
                    "start": {
                        "line": 182,
                        "column": 4
                    },
                    "end": {
                        "line": 191,
                        "column": 4
                    }
                }
            },
            "15": {
                "name": "_mcbToken",
                "line": 193,
                "loc": {
                    "start": {
                        "line": 193,
                        "column": 4
                    },
                    "end": {
                        "line": 195,
                        "column": 4
                    }
                }
            },
            "16": {
                "name": "_usdcToken",
                "line": 197,
                "loc": {
                    "start": {
                        "line": 197,
                        "column": 4
                    },
                    "end": {
                        "line": 199,
                        "column": 4
                    }
                }
            },
            "17": {
                "name": "_mcdexFoundation",
                "line": 201,
                "loc": {
                    "start": {
                        "line": 201,
                        "column": 4
                    },
                    "end": {
                        "line": 203,
                        "column": 4
                    }
                }
            },
            "18": {
                "name": "_blockTimestamp",
                "line": 205,
                "loc": {
                    "start": {
                        "line": 205,
                        "column": 4
                    },
                    "end": {
                        "line": 207,
                        "column": 4
                    }
                }
            }
        },
        "statementMap": {
            "1": {
                "start": {
                    "line": 49,
                    "column": 8
                },
                "end": {
                    "line": 49,
                    "column": 82
                }
            },
            "2": {
                "start": {
                    "line": 50,
                    "column": 8
                },
                "end": {
                    "line": 50,
                    "column": 64
                }
            },
            "3": {
                "start": {
                    "line": 52,
                    "column": 8
                },
                "end": {
                    "line": 52,
                    "column": 29
                }
            },
            "4": {
                "start": {
                    "line": 53,
                    "column": 8
                },
                "end": {
                    "line": 53,
                    "column": 25
                }
            },
            "5": {
                "start": {
                    "line": 54,
                    "column": 8
                },
                "end": {
                    "line": 54,
                    "column": 45
                }
            },
            "6": {
                "start": {
                    "line": 61,
                    "column": 8
                },
                "end": {
                    "line": 61,
                    "column": 58
                }
            },
            "7": {
                "start": {
                    "line": 62,
                    "column": 8
                },
                "end": {
                    "line": 62,
                    "column": 25
                }
            },
            "8": {
                "start": {
                    "line": 63,
                    "column": 8
                },
                "end": {
                    "line": 63,
                    "column": 27
                }
            },
            "9": {
                "start": {
                    "line": 67,
                    "column": 8
                },
                "end": {
                    "line": 67,
                    "column": 52
                }
            },
            "10": {
                "start": {
                    "line": 68,
                    "column": 8
                },
                "end": {
                    "line": 68,
                    "column": 74
                }
            },
            "11": {
                "start": {
                    "line": 72,
                    "column": 8
                },
                "end": {
                    "line": 72,
                    "column": 52
                }
            },
            "12": {
                "start": {
                    "line": 73,
                    "column": 8
                },
                "end": {
                    "line": 73,
                    "column": 45
                }
            },
            "13": {
                "start": {
                    "line": 77,
                    "column": 8
                },
                "end": {
                    "line": 77,
                    "column": 40
                }
            },
            "14": {
                "start": {
                    "line": 81,
                    "column": 8
                },
                "end": {
                    "line": 81,
                    "column": 33
                }
            },
            "15": {
                "start": {
                    "line": 85,
                    "column": 8
                },
                "end": {
                    "line": 85,
                    "column": 49
                }
            },
            "16": {
                "start": {
                    "line": 89,
                    "column": 8
                },
                "end": {
                    "line": 89,
                    "column": 97
                }
            },
            "17": {
                "start": {
                    "line": 93,
                    "column": 8
                },
                "end": {
                    "line": 93,
                    "column": 68
                }
            },
            "18": {
                "start": {
                    "line": 102,
                    "column": 8
                },
                "end": {
                    "line": 102,
                    "column": 76
                }
            },
            "19": {
                "start": {
                    "line": 103,
                    "column": 8
                },
                "end": {
                    "line": 103,
                    "column": 62
                }
            },
            "20": {
                "start": {
                    "line": 104,
                    "column": 8
                },
                "end": {
                    "line": 104,
                    "column": 58
                }
            },
            "21": {
                "start": {
                    "line": 106,
                    "column": 8
                },
                "end": {
                    "line": 106,
                    "column": 58
                }
            },
            "22": {
                "start": {
                    "line": 107,
                    "column": 8
                },
                "end": {
                    "line": 107,
                    "column": 60
                }
            },
            "23": {
                "start": {
                    "line": 109,
                    "column": 8
                },
                "end": {
                    "line": 109,
                    "column": 74
                }
            },
            "24": {
                "start": {
                    "line": 110,
                    "column": 8
                },
                "end": {
                    "line": 110,
                    "column": 76
                }
            },
            "25": {
                "start": {
                    "line": 112,
                    "column": 8
                },
                "end": {
                    "line": 112,
                    "column": 74
                }
            },
            "26": {
                "start": {
                    "line": 113,
                    "column": 8
                },
                "end": {
                    "line": 113,
                    "column": 58
                }
            },
            "27": {
                "start": {
                    "line": 115,
                    "column": 8
                },
                "end": {
                    "line": 115,
                    "column": 54
                }
            },
            "28": {
                "start": {
                    "line": 124,
                    "column": 8
                },
                "end": {
                    "line": 124,
                    "column": 74
                }
            },
            "29": {
                "start": {
                    "line": 125,
                    "column": 8
                },
                "end": {
                    "line": 125,
                    "column": 58
                }
            },
            "30": {
                "start": {
                    "line": 126,
                    "column": 8
                },
                "end": {
                    "line": 126,
                    "column": 72
                }
            },
            "31": {
                "start": {
                    "line": 128,
                    "column": 8
                },
                "end": {
                    "line": 128,
                    "column": 85
                }
            },
            "32": {
                "start": {
                    "line": 129,
                    "column": 8
                },
                "end": {
                    "line": 129,
                    "column": 75
                }
            },
            "33": {
                "start": {
                    "line": 130,
                    "column": 8
                },
                "end": {
                    "line": 130,
                    "column": 77
                }
            },
            "34": {
                "start": {
                    "line": 131,
                    "column": 8
                },
                "end": {
                    "line": 131,
                    "column": 67
                }
            },
            "35": {
                "start": {
                    "line": 132,
                    "column": 8
                },
                "end": {
                    "line": 132,
                    "column": 30
                }
            },
            "36": {
                "start": {
                    "line": 134,
                    "column": 8
                },
                "end": {
                    "line": 134,
                    "column": 5150
                }
            },
            "37": {
                "start": {
                    "line": 135,
                    "column": 12
                },
                "end": {
                    "line": 135,
                    "column": 49
                }
            },
            "38": {
                "start": {
                    "line": 136,
                    "column": 12
                },
                "end": {
                    "line": 136,
                    "column": 57
                }
            },
            "39": {
                "start": {
                    "line": 138,
                    "column": 8
                },
                "end": {
                    "line": 138,
                    "column": 52
                }
            },
            "40": {
                "start": {
                    "line": 139,
                    "column": 8
                },
                "end": {
                    "line": 139,
                    "column": 39
                }
            },
            "41": {
                "start": {
                    "line": 141,
                    "column": 8
                },
                "end": {
                    "line": 141,
                    "column": 55
                }
            },
            "42": {
                "start": {
                    "line": 148,
                    "column": 8
                },
                "end": {
                    "line": 148,
                    "column": 75
                }
            },
            "43": {
                "start": {
                    "line": 149,
                    "column": 8
                },
                "end": {
                    "line": 149,
                    "column": 59
                }
            },
            "44": {
                "start": {
                    "line": 150,
                    "column": 8
                },
                "end": {
                    "line": 150,
                    "column": 83
                }
            },
            "45": {
                "start": {
                    "line": 152,
                    "column": 8
                },
                "end": {
                    "line": 152,
                    "column": 68
                }
            },
            "46": {
                "start": {
                    "line": 153,
                    "column": 8
                },
                "end": {
                    "line": 153,
                    "column": 67
                }
            },
            "47": {
                "start": {
                    "line": 154,
                    "column": 8
                },
                "end": {
                    "line": 154,
                    "column": 45
                }
            },
            "48": {
                "start": {
                    "line": 156,
                    "column": 8
                },
                "end": {
                    "line": 156,
                    "column": 35
                }
            },
            "49": {
                "start": {
                    "line": 165,
                    "column": 8
                },
                "end": {
                    "line": 165,
                    "column": 84
                }
            },
            "50": {
                "start": {
                    "line": 166,
                    "column": 8
                },
                "end": {
                    "line": 166,
                    "column": 72
                }
            },
            "51": {
                "start": {
                    "line": 168,
                    "column": 8
                },
                "end": {
                    "line": 168,
                    "column": 77
                }
            },
            "52": {
                "start": {
                    "line": 169,
                    "column": 8
                },
                "end": {
                    "line": 169,
                    "column": 79
                }
            },
            "53": {
                "start": {
                    "line": 171,
                    "column": 8
                },
                "end": {
                    "line": 171,
                    "column": 34
                }
            },
            "54": {
                "start": {
                    "line": 172,
                    "column": 8
                },
                "end": {
                    "line": 172,
                    "column": 54
                }
            },
            "55": {
                "start": {
                    "line": 173,
                    "column": 8
                },
                "end": {
                    "line": 173,
                    "column": 56
                }
            },
            "56": {
                "start": {
                    "line": 174,
                    "column": 8
                },
                "end": {
                    "line": 174,
                    "column": 39
                }
            },
            "57": {
                "start": {
                    "line": 176,
                    "column": 8
                },
                "end": {
                    "line": 176,
                    "column": 66
                }
            },
            "58": {
                "start": {
                    "line": 183,
                    "column": 8
                },
                "end": {
                    "line": 183,
                    "column": 85
                }
            },
            "59": {
                "start": {
                    "line": 185,
                    "column": 8
                },
                "end": {
                    "line": 185,
                    "column": 72
                }
            },
            "60": {
                "start": {
                    "line": 186,
                    "column": 8
                },
                "end": {
                    "line": 186,
                    "column": 74
                }
            },
            "61": {
                "start": {
                    "line": 187,
                    "column": 8
                },
                "end": {
                    "line": 187,
                    "column": 75
                }
            },
            "62": {
                "start": {
                    "line": 188,
                    "column": 8
                },
                "end": {
                    "line": 188,
                    "column": 77
                }
            },
            "63": {
                "start": {
                    "line": 190,
                    "column": 8
                },
                "end": {
                    "line": 190,
                    "column": 73
                }
            },
            "64": {
                "start": {
                    "line": 194,
                    "column": 8
                },
                "end": {
                    "line": 194,
                    "column": 40
                }
            },
            "65": {
                "start": {
                    "line": 198,
                    "column": 8
                },
                "end": {
                    "line": 198,
                    "column": 41
                }
            },
            "66": {
                "start": {
                    "line": 202,
                    "column": 8
                },
                "end": {
                    "line": 202,
                    "column": 46
                }
            },
            "67": {
                "start": {
                    "line": 206,
                    "column": 8
                },
                "end": {
                    "line": 206,
                    "column": 30
                }
            }
        },
        "branchMap": {
            "1": {
                "line": 49,
                "type": "if",
                "locations": [
                    {
                        "start": {
                            "line": 49,
                            "column": 8
                        },
                        "end": {
                            "line": 49,
                            "column": 8
                        }
                    },
                    {
                        "start": {
                            "line": 49,
                            "column": 8
                        },
                        "end": {
                            "line": 49,
                            "column": 8
                        }
                    }
                ]
            },
            "2": {
                "line": 50,
                "type": "if",
                "locations": [
                    {
                        "start": {
                            "line": 50,
                            "column": 8
                        },
                        "end": {
                            "line": 50,
                            "column": 8
                        }
                    },
                    {
                        "start": {
                            "line": 50,
                            "column": 8
                        },
                        "end": {
                            "line": 50,
                            "column": 8
                        }
                    }
                ]
            },
            "3": {
                "line": 61,
                "type": "if",
                "locations": [
                    {
                        "start": {
                            "line": 61,
                            "column": 8
                        },
                        "end": {
                            "line": 61,
                            "column": 8
                        }
                    },
                    {
                        "start": {
                            "line": 61,
                            "column": 8
                        },
                        "end": {
                            "line": 61,
                            "column": 8
                        }
                    }
                ]
            },
            "4": {
                "line": 102,
                "type": "if",
                "locations": [
                    {
                        "start": {
                            "line": 102,
                            "column": 8
                        },
                        "end": {
                            "line": 102,
                            "column": 8
                        }
                    },
                    {
                        "start": {
                            "line": 102,
                            "column": 8
                        },
                        "end": {
                            "line": 102,
                            "column": 8
                        }
                    }
                ]
            },
            "5": {
                "line": 103,
                "type": "if",
                "locations": [
                    {
                        "start": {
                            "line": 103,
                            "column": 8
                        },
                        "end": {
                            "line": 103,
                            "column": 8
                        }
                    },
                    {
                        "start": {
                            "line": 103,
                            "column": 8
                        },
                        "end": {
                            "line": 103,
                            "column": 8
                        }
                    }
                ]
            },
            "6": {
                "line": 104,
                "type": "if",
                "locations": [
                    {
                        "start": {
                            "line": 104,
                            "column": 8
                        },
                        "end": {
                            "line": 104,
                            "column": 8
                        }
                    },
                    {
                        "start": {
                            "line": 104,
                            "column": 8
                        },
                        "end": {
                            "line": 104,
                            "column": 8
                        }
                    }
                ]
            },
            "7": {
                "line": 124,
                "type": "if",
                "locations": [
                    {
                        "start": {
                            "line": 124,
                            "column": 8
                        },
                        "end": {
                            "line": 124,
                            "column": 8
                        }
                    },
                    {
                        "start": {
                            "line": 124,
                            "column": 8
                        },
                        "end": {
                            "line": 124,
                            "column": 8
                        }
                    }
                ]
            },
            "8": {
                "line": 125,
                "type": "if",
                "locations": [
                    {
                        "start": {
                            "line": 125,
                            "column": 8
                        },
                        "end": {
                            "line": 125,
                            "column": 8
                        }
                    },
                    {
                        "start": {
                            "line": 125,
                            "column": 8
                        },
                        "end": {
                            "line": 125,
                            "column": 8
                        }
                    }
                ]
            },
            "9": {
                "line": 126,
                "type": "if",
                "locations": [
                    {
                        "start": {
                            "line": 126,
                            "column": 8
                        },
                        "end": {
                            "line": 126,
                            "column": 8
                        }
                    },
                    {
                        "start": {
                            "line": 126,
                            "column": 8
                        },
                        "end": {
                            "line": 126,
                            "column": 8
                        }
                    }
                ]
            },
            "10": {
                "line": 134,
                "type": "if",
                "locations": [
                    {
                        "start": {
                            "line": 134,
                            "column": 8
                        },
                        "end": {
                            "line": 134,
                            "column": 8
                        }
                    },
                    {
                        "start": {
                            "line": 134,
                            "column": 8
                        },
                        "end": {
                            "line": 134,
                            "column": 8
                        }
                    }
                ]
            },
            "11": {
                "line": 148,
                "type": "if",
                "locations": [
                    {
                        "start": {
                            "line": 148,
                            "column": 8
                        },
                        "end": {
                            "line": 148,
                            "column": 8
                        }
                    },
                    {
                        "start": {
                            "line": 148,
                            "column": 8
                        },
                        "end": {
                            "line": 148,
                            "column": 8
                        }
                    }
                ]
            },
            "12": {
                "line": 149,
                "type": "if",
                "locations": [
                    {
                        "start": {
                            "line": 149,
                            "column": 8
                        },
                        "end": {
                            "line": 149,
                            "column": 8
                        }
                    },
                    {
                        "start": {
                            "line": 149,
                            "column": 8
                        },
                        "end": {
                            "line": 149,
                            "column": 8
                        }
                    }
                ]
            },
            "13": {
                "line": 150,
                "type": "if",
                "locations": [
                    {
                        "start": {
                            "line": 150,
                            "column": 8
                        },
                        "end": {
                            "line": 150,
                            "column": 8
                        }
                    },
                    {
                        "start": {
                            "line": 150,
                            "column": 8
                        },
                        "end": {
                            "line": 150,
                            "column": 8
                        }
                    }
                ]
            },
            "14": {
                "line": 165,
                "type": "if",
                "locations": [
                    {
                        "start": {
                            "line": 165,
                            "column": 8
                        },
                        "end": {
                            "line": 165,
                            "column": 8
                        }
                    },
                    {
                        "start": {
                            "line": 165,
                            "column": 8
                        },
                        "end": {
                            "line": 165,
                            "column": 8
                        }
                    }
                ]
            },
            "15": {
                "line": 166,
                "type": "if",
                "locations": [
                    {
                        "start": {
                            "line": 166,
                            "column": 8
                        },
                        "end": {
                            "line": 166,
                            "column": 8
                        }
                    },
                    {
                        "start": {
                            "line": 166,
                            "column": 8
                        },
                        "end": {
                            "line": 166,
                            "column": 8
                        }
                    }
                ]
            },
            "16": {
                "line": 183,
                "type": "if",
                "locations": [
                    {
                        "start": {
                            "line": 183,
                            "column": 8
                        },
                        "end": {
                            "line": 183,
                            "column": 8
                        }
                    },
                    {
                        "start": {
                            "line": 183,
                            "column": 8
                        },
                        "end": {
                            "line": 183,
                            "column": 8
                        }
                    }
                ]
            }
        }
    },
    "contracts/MCBVesting.sol": {
        "l": {
            "33": 3,
            "34": 3,
            "35": 3,
            "36": 9,
            "37": 9,
            "38": 9,
            "39": 9,
            "40": 9,
            "41": 9,
            "43": 3,
            "47": 18,
            "51": 18,
            "52": 0,
            "54": 18,
            "55": 18,
            "56": 18,
            "57": 4,
            "59": 14,
            "60": 14,
            "64": 1,
            "66": 1,
            "67": 1,
            "68": 1,
            "70": 1,
            "71": 1,
            "73": 1,
            "75": 1,
            "76": 1,
            "78": 1,
            "82": 0,
            "86": 0
        },
        "path": "/home/work/workspace/mcb-crowdsale/contracts/MCBVesting.sol",
        "s": {
            "1": 3,
            "2": 3,
            "3": 3,
            "4": 9,
            "5": 9,
            "6": 9,
            "7": 9,
            "8": 9,
            "9": 9,
            "10": 3,
            "11": 18,
            "12": 18,
            "13": 0,
            "14": 18,
            "15": 18,
            "16": 18,
            "17": 4,
            "18": 14,
            "19": 14,
            "20": 1,
            "21": 1,
            "22": 1,
            "23": 1,
            "24": 1,
            "25": 1,
            "26": 1,
            "27": 1,
            "28": 1,
            "29": 1,
            "30": 0,
            "31": 0
        },
        "b": {
            "1": [
                3,
                0
            ],
            "2": [
                9,
                0
            ],
            "3": [
                9,
                0
            ],
            "4": [
                0,
                18
            ],
            "5": [
                4,
                14
            ],
            "6": [
                1,
                0
            ],
            "7": [
                1,
                0
            ]
        },
        "f": {
            "1": 3,
            "2": 18,
            "3": 18,
            "4": 1,
            "5": 0,
            "6": 0
        },
        "fnMap": {
            "1": {
                "name": "constructor",
                "line": 28,
                "loc": {
                    "start": {
                        "line": 28,
                        "column": 4
                    },
                    "end": {
                        "line": 44,
                        "column": 4
                    }
                }
            },
            "2": {
                "name": "shareOf",
                "line": 46,
                "loc": {
                    "start": {
                        "line": 46,
                        "column": 4
                    },
                    "end": {
                        "line": 48,
                        "column": 4
                    }
                }
            },
            "3": {
                "name": "claimableToken",
                "line": 50,
                "loc": {
                    "start": {
                        "line": 50,
                        "column": 4
                    },
                    "end": {
                        "line": 61,
                        "column": 4
                    }
                }
            },
            "4": {
                "name": "claim",
                "line": 63,
                "loc": {
                    "start": {
                        "line": 63,
                        "column": 4
                    },
                    "end": {
                        "line": 79,
                        "column": 4
                    }
                }
            },
            "5": {
                "name": "_mcbToken",
                "line": 81,
                "loc": {
                    "start": {
                        "line": 81,
                        "column": 4
                    },
                    "end": {
                        "line": 83,
                        "column": 4
                    }
                }
            },
            "6": {
                "name": "_blockTimestamp",
                "line": 85,
                "loc": {
                    "start": {
                        "line": 85,
                        "column": 4
                    },
                    "end": {
                        "line": 87,
                        "column": 4
                    }
                }
            }
        },
        "statementMap": {
            "1": {
                "start": {
                    "line": 33,
                    "column": 8
                },
                "end": {
                    "line": 33,
                    "column": 94
                }
            },
            "2": {
                "start": {
                    "line": 34,
                    "column": 8
                },
                "end": {
                    "line": 34,
                    "column": 29
                }
            },
            "3": {
                "start": {
                    "line": 35,
                    "column": 8
                },
                "end": {
                    "line": 35,
                    "column": 1149
                }
            },
            "4": {
                "start": {
                    "line": 36,
                    "column": 12
                },
                "end": {
                    "line": 36,
                    "column": 51
                }
            },
            "5": {
                "start": {
                    "line": 37,
                    "column": 12
                },
                "end": {
                    "line": 37,
                    "column": 40
                }
            },
            "6": {
                "start": {
                    "line": 38,
                    "column": 12
                },
                "end": {
                    "line": 38,
                    "column": 83
                }
            },
            "7": {
                "start": {
                    "line": 39,
                    "column": 12
                },
                "end": {
                    "line": 39,
                    "column": 56
                }
            },
            "8": {
                "start": {
                    "line": 40,
                    "column": 12
                },
                "end": {
                    "line": 40,
                    "column": 46
                }
            },
            "9": {
                "start": {
                    "line": 41,
                    "column": 12
                },
                "end": {
                    "line": 41,
                    "column": 60
                }
            },
            "10": {
                "start": {
                    "line": 43,
                    "column": 8
                },
                "end": {
                    "line": 43,
                    "column": 55
                }
            },
            "11": {
                "start": {
                    "line": 47,
                    "column": 8
                },
                "end": {
                    "line": 47,
                    "column": 66
                }
            },
            "12": {
                "start": {
                    "line": 51,
                    "column": 8
                },
                "end": {
                    "line": 51,
                    "column": 1859
                }
            },
            "13": {
                "start": {
                    "line": 52,
                    "column": 12
                },
                "end": {
                    "line": 52,
                    "column": 20
                }
            },
            "14": {
                "start": {
                    "line": 54,
                    "column": 8
                },
                "end": {
                    "line": 54,
                    "column": 89
                }
            },
            "15": {
                "start": {
                    "line": 55,
                    "column": 8
                },
                "end": {
                    "line": 55,
                    "column": 77
                }
            },
            "16": {
                "start": {
                    "line": 56,
                    "column": 8
                },
                "end": {
                    "line": 56,
                    "column": 2106
                }
            },
            "17": {
                "start": {
                    "line": 57,
                    "column": 12
                },
                "end": {
                    "line": 57,
                    "column": 20
                }
            },
            "18": {
                "start": {
                    "line": 59,
                    "column": 8
                },
                "end": {
                    "line": 59,
                    "column": 99
                }
            },
            "19": {
                "start": {
                    "line": 60,
                    "column": 8
                },
                "end": {
                    "line": 60,
                    "column": 54
                }
            },
            "20": {
                "start": {
                    "line": 64,
                    "column": 8
                },
                "end": {
                    "line": 64,
                    "column": 73
                }
            },
            "21": {
                "start": {
                    "line": 66,
                    "column": 8
                },
                "end": {
                    "line": 66,
                    "column": 37
                }
            },
            "22": {
                "start": {
                    "line": 67,
                    "column": 8
                },
                "end": {
                    "line": 67,
                    "column": 86
                }
            },
            "23": {
                "start": {
                    "line": 68,
                    "column": 8
                },
                "end": {
                    "line": 68,
                    "column": 61
                }
            },
            "24": {
                "start": {
                    "line": 70,
                    "column": 8
                },
                "end": {
                    "line": 70,
                    "column": 91
                }
            },
            "25": {
                "start": {
                    "line": 71,
                    "column": 8
                },
                "end": {
                    "line": 71,
                    "column": 2872
                }
            },
            "26": {
                "start": {
                    "line": 73,
                    "column": 8
                },
                "end": {
                    "line": 73,
                    "column": 54
                }
            },
            "27": {
                "start": {
                    "line": 75,
                    "column": 8
                },
                "end": {
                    "line": 75,
                    "column": 61
                }
            },
            "28": {
                "start": {
                    "line": 76,
                    "column": 8
                },
                "end": {
                    "line": 76,
                    "column": 60
                }
            },
            "29": {
                "start": {
                    "line": 78,
                    "column": 8
                },
                "end": {
                    "line": 78,
                    "column": 44
                }
            },
            "30": {
                "start": {
                    "line": 82,
                    "column": 8
                },
                "end": {
                    "line": 82,
                    "column": 40
                }
            },
            "31": {
                "start": {
                    "line": 86,
                    "column": 8
                },
                "end": {
                    "line": 86,
                    "column": 30
                }
            }
        },
        "branchMap": {
            "1": {
                "line": 33,
                "type": "if",
                "locations": [
                    {
                        "start": {
                            "line": 33,
                            "column": 8
                        },
                        "end": {
                            "line": 33,
                            "column": 8
                        }
                    },
                    {
                        "start": {
                            "line": 33,
                            "column": 8
                        },
                        "end": {
                            "line": 33,
                            "column": 8
                        }
                    }
                ]
            },
            "2": {
                "line": 38,
                "type": "if",
                "locations": [
                    {
                        "start": {
                            "line": 38,
                            "column": 12
                        },
                        "end": {
                            "line": 38,
                            "column": 12
                        }
                    },
                    {
                        "start": {
                            "line": 38,
                            "column": 12
                        },
                        "end": {
                            "line": 38,
                            "column": 12
                        }
                    }
                ]
            },
            "3": {
                "line": 39,
                "type": "if",
                "locations": [
                    {
                        "start": {
                            "line": 39,
                            "column": 12
                        },
                        "end": {
                            "line": 39,
                            "column": 12
                        }
                    },
                    {
                        "start": {
                            "line": 39,
                            "column": 12
                        },
                        "end": {
                            "line": 39,
                            "column": 12
                        }
                    }
                ]
            },
            "4": {
                "line": 51,
                "type": "if",
                "locations": [
                    {
                        "start": {
                            "line": 51,
                            "column": 8
                        },
                        "end": {
                            "line": 51,
                            "column": 8
                        }
                    },
                    {
                        "start": {
                            "line": 51,
                            "column": 8
                        },
                        "end": {
                            "line": 51,
                            "column": 8
                        }
                    }
                ]
            },
            "5": {
                "line": 56,
                "type": "if",
                "locations": [
                    {
                        "start": {
                            "line": 56,
                            "column": 8
                        },
                        "end": {
                            "line": 56,
                            "column": 8
                        }
                    },
                    {
                        "start": {
                            "line": 56,
                            "column": 8
                        },
                        "end": {
                            "line": 56,
                            "column": 8
                        }
                    }
                ]
            },
            "6": {
                "line": 64,
                "type": "if",
                "locations": [
                    {
                        "start": {
                            "line": 64,
                            "column": 8
                        },
                        "end": {
                            "line": 64,
                            "column": 8
                        }
                    },
                    {
                        "start": {
                            "line": 64,
                            "column": 8
                        },
                        "end": {
                            "line": 64,
                            "column": 8
                        }
                    }
                ]
            },
            "7": {
                "line": 70,
                "type": "if",
                "locations": [
                    {
                        "start": {
                            "line": 70,
                            "column": 8
                        },
                        "end": {
                            "line": 70,
                            "column": 8
                        }
                    },
                    {
                        "start": {
                            "line": 70,
                            "column": 8
                        },
                        "end": {
                            "line": 70,
                            "column": 8
                        }
                    }
                ]
            }
        }
    },
    "contracts/test/CustomERC20.sol": {
        "l": {
            "12": 63
        },
        "path": "/home/work/workspace/mcb-crowdsale/contracts/test/CustomERC20.sol",
        "s": {
            "1": 63
        },
        "b": {},
        "f": {
            "1": 63
        },
        "fnMap": {
            "1": {
                "name": "constructor",
                "line": 11,
                "loc": {
                    "start": {
                        "line": 7,
                        "column": 4
                    },
                    "end": {
                        "line": 13,
                        "column": 4
                    }
                }
            }
        },
        "statementMap": {
            "1": {
                "start": {
                    "line": 12,
                    "column": 8
                },
                "end": {
                    "line": 12,
                    "column": 36
                }
            }
        },
        "branchMap": {}
    },
    "contracts/test/TestMCBCrowdsale.sol": {
        "l": {
            "19": 30,
            "20": 30,
            "21": 30,
            "25": 38,
            "29": 38,
            "33": 6,
            "37": 17,
            "41": 49
        },
        "path": "/home/work/workspace/mcb-crowdsale/contracts/test/TestMCBCrowdsale.sol",
        "s": {
            "1": 30,
            "2": 30,
            "3": 30,
            "4": 38,
            "5": 38,
            "6": 6,
            "7": 17,
            "8": 49
        },
        "b": {},
        "f": {
            "1": 30,
            "2": 38,
            "3": 38,
            "4": 6,
            "5": 17,
            "6": 49
        },
        "fnMap": {
            "1": {
                "name": "constructor",
                "line": 18,
                "loc": {
                    "start": {
                        "line": 11,
                        "column": 4
                    },
                    "end": {
                        "line": 22,
                        "column": 4
                    }
                }
            },
            "2": {
                "name": "_mcbToken",
                "line": 24,
                "loc": {
                    "start": {
                        "line": 24,
                        "column": 4
                    },
                    "end": {
                        "line": 26,
                        "column": 4
                    }
                }
            },
            "3": {
                "name": "_usdcToken",
                "line": 28,
                "loc": {
                    "start": {
                        "line": 28,
                        "column": 4
                    },
                    "end": {
                        "line": 30,
                        "column": 4
                    }
                }
            },
            "4": {
                "name": "_mcdexFoundation",
                "line": 32,
                "loc": {
                    "start": {
                        "line": 32,
                        "column": 4
                    },
                    "end": {
                        "line": 34,
                        "column": 4
                    }
                }
            },
            "5": {
                "name": "setTimestamp",
                "line": 36,
                "loc": {
                    "start": {
                        "line": 36,
                        "column": 4
                    },
                    "end": {
                        "line": 38,
                        "column": 4
                    }
                }
            },
            "6": {
                "name": "_blockTimestamp",
                "line": 40,
                "loc": {
                    "start": {
                        "line": 40,
                        "column": 4
                    },
                    "end": {
                        "line": 42,
                        "column": 4
                    }
                }
            }
        },
        "statementMap": {
            "1": {
                "start": {
                    "line": 19,
                    "column": 8
                },
                "end": {
                    "line": 19,
                    "column": 32
                }
            },
            "2": {
                "start": {
                    "line": 20,
                    "column": 8
                },
                "end": {
                    "line": 20,
                    "column": 34
                }
            },
            "3": {
                "start": {
                    "line": 21,
                    "column": 8
                },
                "end": {
                    "line": 21,
                    "column": 46
                }
            },
            "4": {
                "start": {
                    "line": 25,
                    "column": 8
                },
                "end": {
                    "line": 25,
                    "column": 36
                }
            },
            "5": {
                "start": {
                    "line": 29,
                    "column": 8
                },
                "end": {
                    "line": 29,
                    "column": 37
                }
            },
            "6": {
                "start": {
                    "line": 33,
                    "column": 8
                },
                "end": {
                    "line": 33,
                    "column": 35
                }
            },
            "7": {
                "start": {
                    "line": 37,
                    "column": 8
                },
                "end": {
                    "line": 37,
                    "column": 33
                }
            },
            "8": {
                "start": {
                    "line": 41,
                    "column": 8
                },
                "end": {
                    "line": 41,
                    "column": 29
                }
            }
        },
        "branchMap": {}
    },
    "contracts/test/TestMCBVesting.sol": {
        "l": {
            "15": 3,
            "19": 19,
            "23": 0,
            "27": 19
        },
        "path": "/home/work/workspace/mcb-crowdsale/contracts/test/TestMCBVesting.sol",
        "s": {
            "1": 3,
            "2": 19,
            "3": 0,
            "4": 19
        },
        "b": {},
        "f": {
            "1": 3,
            "2": 19,
            "3": 0,
            "4": 19
        },
        "fnMap": {
            "1": {
                "name": "constructor",
                "line": 14,
                "loc": {
                    "start": {
                        "line": 9,
                        "column": 4
                    },
                    "end": {
                        "line": 16,
                        "column": 4
                    }
                }
            },
            "2": {
                "name": "_mcbToken",
                "line": 18,
                "loc": {
                    "start": {
                        "line": 18,
                        "column": 4
                    },
                    "end": {
                        "line": 20,
                        "column": 4
                    }
                }
            },
            "3": {
                "name": "setTimestamp",
                "line": 22,
                "loc": {
                    "start": {
                        "line": 22,
                        "column": 4
                    },
                    "end": {
                        "line": 24,
                        "column": 4
                    }
                }
            },
            "4": {
                "name": "_blockTimestamp",
                "line": 26,
                "loc": {
                    "start": {
                        "line": 26,
                        "column": 4
                    },
                    "end": {
                        "line": 28,
                        "column": 4
                    }
                }
            }
        },
        "statementMap": {
            "1": {
                "start": {
                    "line": 15,
                    "column": 8
                },
                "end": {
                    "line": 15,
                    "column": 32
                }
            },
            "2": {
                "start": {
                    "line": 19,
                    "column": 8
                },
                "end": {
                    "line": 19,
                    "column": 36
                }
            },
            "3": {
                "start": {
                    "line": 23,
                    "column": 8
                },
                "end": {
                    "line": 23,
                    "column": 33
                }
            },
            "4": {
                "start": {
                    "line": 27,
                    "column": 8
                },
                "end": {
                    "line": 27,
                    "column": 29
                }
            }
        },
        "branchMap": {}
    }
}