{"contracts/libraries/SafeMathExt.sol":{"l":{"9":16,"13":21,"17":2,"18":2,"19":2,"20":2},"path":"/home/work/workspace/mcb-crowdsale/contracts/libraries/SafeMathExt.sol","s":{"1":16,"2":21,"3":2,"4":2,"5":2,"6":2},"b":{"1":[2,0]},"f":{"1":16,"2":21,"3":2},"fnMap":{"1":{"name":"wmul","line":8,"loc":{"start":{"line":8,"column":4},"end":{"line":10,"column":4}}},"2":{"name":"wdivFloor","line":12,"loc":{"start":{"line":12,"column":4},"end":{"line":14,"column":4}}},"3":{"name":"wdivCeil","line":16,"loc":{"start":{"line":16,"column":4},"end":{"line":22,"column":4}}}},"statementMap":{"1":{"start":{"line":9,"column":8},"end":{"line":9,"column":26}},"2":{"start":{"line":13,"column":8},"end":{"line":13,"column":29}},"3":{"start":{"line":17,"column":8},"end":{"line":17,"column":31}},"4":{"start":{"line":18,"column":8},"end":{"line":18,"column":19}},"5":{"start":{"line":19,"column":8},"end":{"line":19,"column":516}},"6":{"start":{"line":20,"column":12},"end":{"line":20,"column":23}}},"branchMap":{"1":{"line":19,"type":"if","locations":[{"start":{"line":19,"column":8},"end":{"line":19,"column":8}},{"start":{"line":19,"column":8},"end":{"line":19,"column":8}}]}}},"contracts/MCBCrowdsale.sol":{"l":{"46":9,"47":9,"49":9,"50":9,"51":9,"55":0,"56":0,"57":0,"61":13,"62":13,"66":7,"67":7,"71":2,"75":0,"79":0,"83":13,"87":9,"96":8,"97":8,"98":6,"100":6,"101":6,"103":6,"104":6,"106":6,"107":6,"109":6,"113":3,"114":3,"115":2,"117":2,"118":2,"119":2,"120":2,"122":2,"123":2,"126":2,"127":2,"129":2,"133":0,"134":0,"135":0,"137":0,"138":0,"139":0,"141":0,"145":0,"146":0,"147":0,"149":0,"150":0,"151":0,"153":0,"157":0,"161":0,"165":0,"169":0},"path":"/home/work/workspace/mcb-crowdsale/contracts/MCBCrowdsale.sol","s":{"1":9,"2":9,"3":9,"4":9,"5":9,"6":0,"7":0,"8":0,"9":13,"10":13,"11":7,"12":7,"13":2,"14":0,"15":0,"16":13,"17":9,"18":8,"19":8,"20":6,"21":6,"22":6,"23":6,"24":6,"25":6,"26":6,"27":6,"28":3,"29":3,"30":2,"31":2,"32":2,"33":2,"34":2,"35":2,"36":2,"37":2,"38":2,"39":2,"40":0,"41":0,"42":0,"43":0,"44":0,"45":0,"46":0,"47":0,"48":0,"49":0,"50":0,"51":0,"52":0,"53":0,"54":0,"55":0,"56":0,"57":0},"b":{"1":[9,0],"2":[9,0],"3":[0,0],"4":[8,0],"5":[6,2],"6":[6,0],"7":[3,0],"8":[2,1],"9":[2,0],"10":[2,0],"11":[0,0],"12":[0,0],"13":[0,0],"14":[0,0]},"f":{"1":9,"2":0,"3":13,"4":7,"5":2,"6":0,"7":0,"8":13,"9":9,"10":8,"11":3,"12":0,"13":0,"14":0,"15":0,"16":0,"17":0},"fnMap":{"1":{"name":"constructor","line":45,"loc":{"start":{"line":41,"column":4},"end":{"line":52,"column":4}}},"2":{"name":"setEmergency","line":54,"loc":{"start":{"line":54,"column":4},"end":{"line":58,"column":4}}},"3":{"name":"isPurchaseable","line":60,"loc":{"start":{"line":60,"column":4},"end":{"line":63,"column":4}}},"4":{"name":"isSettleable","line":65,"loc":{"start":{"line":65,"column":4},"end":{"line":68,"column":4}}},"5":{"name":"isAccountSettled","line":70,"loc":{"start":{"line":70,"column":4},"end":{"line":72,"column":4}}},"6":{"name":"totalExpectedQuota","line":74,"loc":{"start":{"line":74,"column":4},"end":{"line":76,"column":4}}},"7":{"name":"totalSoldQuota","line":78,"loc":{"start":{"line":78,"column":4},"end":{"line":80,"column":4}}},"8":{"name":"quotaRate","line":82,"loc":{"start":{"line":82,"column":4},"end":{"line":84,"column":4}}},"9":{"name":"quotaOf","line":86,"loc":{"start":{"line":86,"column":4},"end":{"line":88,"column":4}}},"10":{"name":"purchase","line":95,"loc":{"start":{"line":95,"column":4},"end":{"line":110,"column":4}}},"11":{"name":"settle","line":112,"loc":{"start":{"line":112,"column":4},"end":{"line":130,"column":4}}},"12":{"name":"emergencySettle","line":132,"loc":{"start":{"line":132,"column":4},"end":{"line":142,"column":4}}},"13":{"name":"forwardFunds","line":144,"loc":{"start":{"line":144,"column":4},"end":{"line":154,"column":4}}},"14":{"name":"_mcbToken","line":156,"loc":{"start":{"line":156,"column":4},"end":{"line":158,"column":4}}},"15":{"name":"_usdcToken","line":160,"loc":{"start":{"line":160,"column":4},"end":{"line":162,"column":4}}},"16":{"name":"_mcdexMultiSignWallet","line":164,"loc":{"start":{"line":164,"column":4},"end":{"line":166,"column":4}}},"17":{"name":"_blockTimestamp","line":168,"loc":{"start":{"line":168,"column":4},"end":{"line":170,"column":4}}}},"statementMap":{"1":{"start":{"line":46,"column":8},"end":{"line":46,"column":82}},"2":{"start":{"line":47,"column":8},"end":{"line":47,"column":64}},"3":{"start":{"line":49,"column":8},"end":{"line":49,"column":29}},"4":{"start":{"line":50,"column":8},"end":{"line":50,"column":25}},"5":{"start":{"line":51,"column":8},"end":{"line":51,"column":45}},"6":{"start":{"line":55,"column":8},"end":{"line":55,"column":58}},"7":{"start":{"line":56,"column":8},"end":{"line":56,"column":25}},"8":{"start":{"line":57,"column":8},"end":{"line":57,"column":27}},"9":{"start":{"line":61,"column":8},"end":{"line":61,"column":52}},"10":{"start":{"line":62,"column":8},"end":{"line":62,"column":74}},"11":{"start":{"line":66,"column":8},"end":{"line":66,"column":52}},"12":{"start":{"line":67,"column":8},"end":{"line":67,"column":45}},"13":{"start":{"line":71,"column":8},"end":{"line":71,"column":36}},"14":{"start":{"line":75,"column":8},"end":{"line":75,"column":34}},"15":{"start":{"line":79,"column":8},"end":{"line":79,"column":50}},"16":{"start":{"line":83,"column":8},"end":{"line":83,"column":99}},"17":{"start":{"line":87,"column":8},"end":{"line":87,"column":62}},"18":{"start":{"line":96,"column":8},"end":{"line":96,"column":76}},"19":{"start":{"line":97,"column":8},"end":{"line":97,"column":62}},"20":{"start":{"line":98,"column":8},"end":{"line":98,"column":64}},"21":{"start":{"line":100,"column":8},"end":{"line":100,"column":56}},"22":{"start":{"line":101,"column":8},"end":{"line":101,"column":58}},"23":{"start":{"line":103,"column":8},"end":{"line":103,"column":81}},"24":{"start":{"line":104,"column":8},"end":{"line":104,"column":83}},"25":{"start":{"line":106,"column":8},"end":{"line":106,"column":83}},"26":{"start":{"line":107,"column":8},"end":{"line":107,"column":67}},"27":{"start":{"line":109,"column":8},"end":{"line":109,"column":59}},"28":{"start":{"line":113,"column":8},"end":{"line":113,"column":74}},"29":{"start":{"line":114,"column":8},"end":{"line":114,"column":58}},"30":{"start":{"line":115,"column":8},"end":{"line":115,"column":72}},"31":{"start":{"line":117,"column":8},"end":{"line":117,"column":77}},"32":{"start":{"line":118,"column":8},"end":{"line":118,"column":67}},"33":{"start":{"line":119,"column":8},"end":{"line":119,"column":69}},"34":{"start":{"line":120,"column":8},"end":{"line":120,"column":65}},"35":{"start":{"line":122,"column":8},"end":{"line":122,"column":4761}},"36":{"start":{"line":123,"column":12},"end":{"line":123,"column":85}},"37":{"start":{"line":126,"column":8},"end":{"line":126,"column":59}},"38":{"start":{"line":127,"column":8},"end":{"line":127,"column":35}},"39":{"start":{"line":129,"column":8},"end":{"line":129,"column":73}},"40":{"start":{"line":133,"column":8},"end":{"line":133,"column":84}},"41":{"start":{"line":134,"column":8},"end":{"line":134,"column":67}},"42":{"start":{"line":135,"column":8},"end":{"line":135,"column":69}},"43":{"start":{"line":137,"column":8},"end":{"line":137,"column":35}},"44":{"start":{"line":138,"column":8},"end":{"line":138,"column":59}},"45":{"start":{"line":139,"column":8},"end":{"line":139,"column":61}},"46":{"start":{"line":141,"column":8},"end":{"line":141,"column":60}},"47":{"start":{"line":145,"column":8},"end":{"line":145,"column":74}},"48":{"start":{"line":146,"column":8},"end":{"line":146,"column":58}},"49":{"start":{"line":147,"column":8},"end":{"line":147,"column":78}},"50":{"start":{"line":149,"column":8},"end":{"line":149,"column":70}},"51":{"start":{"line":150,"column":8},"end":{"line":150,"column":86}},"52":{"start":{"line":151,"column":8},"end":{"line":151,"column":41}},"53":{"start":{"line":153,"column":8},"end":{"line":153,"column":46}},"54":{"start":{"line":157,"column":8},"end":{"line":157,"column":32}},"55":{"start":{"line":161,"column":8},"end":{"line":161,"column":33}},"56":{"start":{"line":165,"column":8},"end":{"line":165,"column":46}},"57":{"start":{"line":169,"column":8},"end":{"line":169,"column":30}}},"branchMap":{"1":{"line":46,"type":"if","locations":[{"start":{"line":46,"column":8},"end":{"line":46,"column":8}},{"start":{"line":46,"column":8},"end":{"line":46,"column":8}}]},"2":{"line":47,"type":"if","locations":[{"start":{"line":47,"column":8},"end":{"line":47,"column":8}},{"start":{"line":47,"column":8},"end":{"line":47,"column":8}}]},"3":{"line":55,"type":"if","locations":[{"start":{"line":55,"column":8},"end":{"line":55,"column":8}},{"start":{"line":55,"column":8},"end":{"line":55,"column":8}}]},"4":{"line":96,"type":"if","locations":[{"start":{"line":96,"column":8},"end":{"line":96,"column":8}},{"start":{"line":96,"column":8},"end":{"line":96,"column":8}}]},"5":{"line":97,"type":"if","locations":[{"start":{"line":97,"column":8},"end":{"line":97,"column":8}},{"start":{"line":97,"column":8},"end":{"line":97,"column":8}}]},"6":{"line":98,"type":"if","locations":[{"start":{"line":98,"column":8},"end":{"line":98,"column":8}},{"start":{"line":98,"column":8},"end":{"line":98,"column":8}}]},"7":{"line":113,"type":"if","locations":[{"start":{"line":113,"column":8},"end":{"line":113,"column":8}},{"start":{"line":113,"column":8},"end":{"line":113,"column":8}}]},"8":{"line":114,"type":"if","locations":[{"start":{"line":114,"column":8},"end":{"line":114,"column":8}},{"start":{"line":114,"column":8},"end":{"line":114,"column":8}}]},"9":{"line":115,"type":"if","locations":[{"start":{"line":115,"column":8},"end":{"line":115,"column":8}},{"start":{"line":115,"column":8},"end":{"line":115,"column":8}}]},"10":{"line":122,"type":"if","locations":[{"start":{"line":122,"column":8},"end":{"line":122,"column":8}},{"start":{"line":122,"column":8},"end":{"line":122,"column":8}}]},"11":{"line":133,"type":"if","locations":[{"start":{"line":133,"column":8},"end":{"line":133,"column":8}},{"start":{"line":133,"column":8},"end":{"line":133,"column":8}}]},"12":{"line":145,"type":"if","locations":[{"start":{"line":145,"column":8},"end":{"line":145,"column":8}},{"start":{"line":145,"column":8},"end":{"line":145,"column":8}}]},"13":{"line":146,"type":"if","locations":[{"start":{"line":146,"column":8},"end":{"line":146,"column":8}},{"start":{"line":146,"column":8},"end":{"line":146,"column":8}}]},"14":{"line":147,"type":"if","locations":[{"start":{"line":147,"column":8},"end":{"line":147,"column":8}},{"start":{"line":147,"column":8},"end":{"line":147,"column":8}}]}}},"contracts/MCBVesting.sol":{"l":{"30":0,"34":0,"35":0,"36":0,"37":0,"38":0,"39":0,"40":0,"41":0,"43":0,"47":0,"51":0,"53":0,"57":0,"59":0,"60":0,"61":0,"62":0,"63":0,"64":0},"path":"/home/work/workspace/mcb-crowdsale/contracts/MCBVesting.sol","s":{"1":0,"2":0,"3":0,"4":0,"5":0,"6":0,"7":0,"8":0,"9":0,"10":0,"11":0,"12":0,"13":0,"14":0,"15":0,"16":0,"17":0,"18":0,"19":0,"20":0},"b":{"1":[0,0],"2":[0,0],"3":[0,0]},"f":{"1":0,"2":0,"3":0,"4":0,"5":0},"fnMap":{"1":{"name":"constructor","line":29,"loc":{"start":{"line":29,"column":4},"end":{"line":31,"column":4}}},"2":{"name":"addQuotas","line":33,"loc":{"start":{"line":33,"column":4},"end":{"line":44,"column":4}}},"3":{"name":"shareOf","line":46,"loc":{"start":{"line":46,"column":4},"end":{"line":48,"column":4}}},"4":{"name":"claimableMCBToken","line":50,"loc":{"start":{"line":50,"column":4},"end":{"line":54,"column":4}}},"5":{"name":"claimMCBToken","line":56,"loc":{"start":{"line":56,"column":4},"end":{"line":65,"column":4}}}},"statementMap":{"1":{"start":{"line":30,"column":8},"end":{"line":30,"column":29}},"2":{"start":{"line":34,"column":8},"end":{"line":34,"column":93}},"3":{"start":{"line":35,"column":8},"end":{"line":35,"column":1253}},"4":{"start":{"line":36,"column":12},"end":{"line":36,"column":51}},"5":{"start":{"line":37,"column":12},"end":{"line":37,"column":38}},"6":{"start":{"line":38,"column":12},"end":{"line":38,"column":83}},"7":{"start":{"line":39,"column":12},"end":{"line":39,"column":54}},"8":{"start":{"line":40,"column":12},"end":{"line":40,"column":38}},"9":{"start":{"line":41,"column":12},"end":{"line":41,"column":45}},"10":{"start":{"line":43,"column":8},"end":{"line":43,"column":54}},"11":{"start":{"line":47,"column":8},"end":{"line":47,"column":46}},"12":{"start":{"line":51,"column":8},"end":{"line":51,"column":1992}},"13":{"start":{"line":53,"column":8},"end":{"line":53,"column":48}},"14":{"start":{"line":57,"column":8},"end":{"line":57,"column":2216}},"15":{"start":{"line":59,"column":8},"end":{"line":59,"column":67}},"16":{"start":{"line":60,"column":8},"end":{"line":60,"column":67}},"17":{"start":{"line":61,"column":8},"end":{"line":61,"column":53}},"18":{"start":{"line":62,"column":8},"end":{"line":62,"column":71}},"19":{"start":{"line":63,"column":8},"end":{"line":63,"column":74}},"20":{"start":{"line":64,"column":8},"end":{"line":64,"column":44}}},"branchMap":{"1":{"line":34,"type":"if","locations":[{"start":{"line":34,"column":8},"end":{"line":34,"column":8}},{"start":{"line":34,"column":8},"end":{"line":34,"column":8}}]},"2":{"line":38,"type":"if","locations":[{"start":{"line":38,"column":12},"end":{"line":38,"column":12}},{"start":{"line":38,"column":12},"end":{"line":38,"column":12}}]},"3":{"line":39,"type":"if","locations":[{"start":{"line":39,"column":12},"end":{"line":39,"column":12}},{"start":{"line":39,"column":12},"end":{"line":39,"column":12}}]}}},"contracts/test/CustomERC20.sol":{"l":{"12":18},"path":"/home/work/workspace/mcb-crowdsale/contracts/test/CustomERC20.sol","s":{"1":18},"b":{},"f":{"1":18},"fnMap":{"1":{"name":"constructor","line":11,"loc":{"start":{"line":7,"column":4},"end":{"line":13,"column":4}}}},"statementMap":{"1":{"start":{"line":12,"column":8},"end":{"line":12,"column":36}}},"branchMap":{}},"contracts/test/TestMCBCrowdsale.sol":{"l":{"19":9,"20":9,"21":9,"25":8,"29":8,"33":0,"37":4,"41":20},"path":"/home/work/workspace/mcb-crowdsale/contracts/test/TestMCBCrowdsale.sol","s":{"1":9,"2":9,"3":9,"4":8,"5":8,"6":0,"7":4,"8":20},"b":{},"f":{"1":9,"2":8,"3":8,"4":0,"5":4,"6":20},"fnMap":{"1":{"name":"constructor","line":18,"loc":{"start":{"line":11,"column":4},"end":{"line":22,"column":4}}},"2":{"name":"_mcbToken","line":24,"loc":{"start":{"line":24,"column":4},"end":{"line":26,"column":4}}},"3":{"name":"_usdcToken","line":28,"loc":{"start":{"line":28,"column":4},"end":{"line":30,"column":4}}},"4":{"name":"_mcdexMultiSignWallet","line":32,"loc":{"start":{"line":32,"column":4},"end":{"line":34,"column":4}}},"5":{"name":"setTimestamp","line":36,"loc":{"start":{"line":36,"column":4},"end":{"line":38,"column":4}}},"6":{"name":"_blockTimestamp","line":40,"loc":{"start":{"line":40,"column":4},"end":{"line":42,"column":4}}}},"statementMap":{"1":{"start":{"line":19,"column":8},"end":{"line":19,"column":32}},"2":{"start":{"line":20,"column":8},"end":{"line":20,"column":34}},"3":{"start":{"line":21,"column":8},"end":{"line":21,"column":46}},"4":{"start":{"line":25,"column":8},"end":{"line":25,"column":28}},"5":{"start":{"line":29,"column":8},"end":{"line":29,"column":29}},"6":{"start":{"line":33,"column":8},"end":{"line":33,"column":35}},"7":{"start":{"line":37,"column":8},"end":{"line":37,"column":33}},"8":{"start":{"line":41,"column":8},"end":{"line":41,"column":29}}},"branchMap":{}}}